(---------------------------------------------------------------------)
(                                                                     )
(    DRC Update                                                       )
(                                                                     )
(    Drawing          : LAUNCHXL-CC1350.brd                           )
(    Software Version : 16.6P004                                      )
(    Date/Time        : Wed Sep 02 10:44:54 2015                      )
(                                                                     )
(---------------------------------------------------------------------)


 ========= check shapes                       0:00:00
 ========= check standalone pins              0:00:00
 ========= check symbols (pins,lines,text)    0:00:00
 ========= check xnets                        0:00:00
 ========= check nets                         0:00:00
 ========= check standalone branches          0:00:00
 ========= check standalone filled rectangles 0:00:00
 ========= check standalone lines             0:00:00
 ========= check standalone text              0:00:00
 ========= check standalone rectangles        0:00:00

 ..... Total number of DRC errors  21


WARNING: 3 dynamic shape(s) out of date; checking skipped on these elements.

 ..... DRC update completed, total CPU time   0:00:00
 *************************************************************************

