{ Using PSTWRITER 16.6.0 d001Jun-26-2016 at 11:23:32 }

#1 WARNING(ORCAP-36038): "No_connect" property on Pin "Y3.2" ignored for Y3: CC1350_LaunchPad, 4_XDS110 (273.05, 203.20). Connecting pin to net "GND".
#2 WARNING(ORCAP-36038): "No_connect" property on Pin "U5.37" ignored for U5: CC1350_LaunchPad, 4_XDS110 (129.54, 22.86). Connecting pin to net "XDS_TDO".
#3 WARNING(ORCAP-36038): "No_connect" property on Pin "U5.38" ignored for U5: CC1350_LaunchPad, 4_XDS110 (129.54, 22.86). Connecting pin to net "XDS_TDI".
#4 WARNING(ORCAP-36038): "No_connect" property on Pin "P8.4" ignored for P8: CC1350_LaunchPad, 4_XDS110 (76.20, 71.12). Connecting pin to net "ITCK".
#5 WARNING(ORCAP-36038): "No_connect" property on Pin "U5.60" ignored for U5: CC1350_LaunchPad, 4_XDS110 (129.54, 22.86). Connecting pin to net "N1588002".
#6 WARNING(ORCAP-36038): "No_connect" property on Pin "U5.59" ignored for U5: CC1350_LaunchPad, 4_XDS110 (309.88, 185.42). Connecting pin to net "N1588016".
#7 WARNING(ORCAP-36006): Part Name "ANTENNA_ANTENNA868_915MHZ_A2N_DISCRETE_ANTENNA PCB HELIX 868/915MHZ" is renamed to "ANTENNA_ANTENNA868_915MHZ_A2N_D".
#8 WARNING(ORCAP-36006): Part Name "ANTENNA_DN007_ANTENNA_DN007AN_2.4GHZ" is renamed to "ANTENNA_DN007_ANTENNA_DN007AN_2".
#9 WARNING(ORCAP-36006): Part Name "CAPACITOR_CAPC1005X60B2N_DNM_0402" is renamed to "CAPACITOR_CAPC1005X60B2N_DNM_04".
#10 WARNING(ORCAP-36006): Part Name "CAPACITOR_CAPC1608X100A2L_22UF_CAPC1608X100A2L,CAPC1608X100A2M" is renamed to "CAPACITOR_CAPC1608X100A2L_22UF_".
#11 WARNING(ORCAP-36006): Part Name "LED_LEDC1707X65L_LPL296-J2L2-25_LEDC1707X65L,LEDC1707X65M" is renamed to "LED_LEDC1707X65L_LPL296-J2L2-25".
#12 WARNING(ORCAP-36006): Part Name "LED_LEDC1708X67L_LS L296-P2Q2-1_LEDC1708X67L,LEDC1708X67M" is renamed to "LED_LEDC1708X67L_LS L296-P2Q2-1".
#13 WARNING(ORCAP-36006): Part Name "DIODE_TPD4E004_SON6_SON50P100X145X60-6N_TPD4E004DRY_SON50P100X145X65-6L,SON50P100X145X65-6M" is renamed to "DIODE_TPD4E004_SON6_SON50P100X1".
#14 WARNING(ORCAP-36006): Part Name "DIODE_TVS_TPD6E004_QFN8_V1_0_QFN50P150X150X60-8N_TPD6E004RSER_QFN50P150X150X60-8L,QFN50P150X150X60-8M,QFN50P150X150X60-8AL" is renamed to "DIODE_TVS_TPD6E004_QFN8_V1_0_QF".
#15 WARNING(ORCAP-36006): Part Name "FILTER_2PIN_FIL_BLM18HE152SN1DL_BLM18HE152SN1_FIL_BLM18HE152SN1DL,FIL_BLM18HE152SN1DM" is renamed to "FILTER_2PIN_FIL_BLM18HE152SN1DL".
#16 WARNING(ORCAP-36006): Part Name "CONN_HEADER_2X10_J_S_V1_SAMTEC_SSQ11023LD_A2B_IO_SSQ-110-23-L-D_SAMTEC_SSQ11023LD_A2C,SAMTEC_SSQ11023LD_A2A" is renamed to "CONN_HEADER_2X10_J_S_V1_SAMTEC_".
#17 WARNING(ORCAP-36006): Part Name "CONN_USB_MICRO_B_2MH_MOLEX_1051640001_A2N_IO_105164-0001_MOLEX_1051640001_A2L,MOLEX_1051640001_A2M" is renamed to "CONN_USB_MICRO_B_2MH_MOLEX_1051".
#18 WARNING(ORCAP-36006): Part Name "INDUCTOR_INDC2012X150L_6.8UH_INDC2012X150L,INDC2012X150M" is renamed to "INDUCTOR_INDC2012X150L_6.8UH_IN".
#19 WARNING(ORCAP-36006): Part Name "INDUCTOR_IND_LQW15AN_10NH_IND_LQW15AM,IND_LQW15AL" is renamed to "INDUCTOR_IND_LQW15AN_10NH_IND_L".
#20 WARNING(ORCAP-36006): Part Name "LABEL_PB-FREE_V1_LABEL_PB-FREE_8MM_A2N_MECHANICAL_NON_COMPONENT_LABEL_8MM" is renamed to "LABEL_PB-FREE_V1_LABEL_PB-FREE_".
#21 WARNING(ORCAP-36006): Part Name "MECH_SHUNT_JUMPER_V1_SAMTEC_SNT100BKG_MECHANICAL_SNT-100-BK-G" is renamed to "MECH_SHUNT_JUMPER_V1_SAMTEC_SNT".
#22 WARNING(ORCAP-36006): Part Name "HOLE_PTH_MTG320_380_HOLE_3.2MM_PTH" is renamed to "HOLE_PTH_MTG320_380_HOLE_3.2MM_".
#23 WARNING(ORCAP-36006): Part Name "HOLE_PTH_MTG110_170_HOLE_1.1MM_PTH" is renamed to "HOLE_PTH_MTG110_170_HOLE_1.1MM_".
#24 WARNING(ORCAP-36006): Part Name "CONN_HEADER_3_P_S_GRADCONN_BB02HC031KB1603000_A2B_IO_BB02-HC031-KB1-603000_GRADCONN_BB02HC031KB1603000_A2C,GRADCONN_BB02HC031KB1603000_A2A" is renamed to "CONN_HEADER_3_P_S_GRADCONN_BB02".
#25 WARNING(ORCAP-36006): Part Name "CONN_COAX_1_1_P_2MH_V1_MURATA_MM58292700RJ4_A2N_IO_MM5829-2700_MURATA_MM58292700RJ4_A2L,MURATA_MM58292700RJ4_A2M" is renamed to "CONN_COAX_1_1_P_2MH_V1_MURATA_M".
#26 WARNING(ORCAP-36006): Part Name "CONN_HEADER_2X11_P_S_GRADCONN_BB02HJ221KB160300_A2B_BB02-HJ221-KB1-603000_GRADCONN_BB02HJ221KB160300_A2C,GRADCONN_BB02HJ221KB160300_A2A" is renamed to "CONN_HEADER_2X11_P_S_GRADCONN_B".
#27 WARNING(ORCAP-36006): Part Name "CONN_HEADER_2X5_SAMTEC_FTSH-105-01-F-DV-K-10L_FTSH-105-01-F-DV-K_SAMTEC_FTSH-105-01-F-DV-K-10L,SAMTEC_FTSH-105-01-F-DV-K-10M" is renamed to "CONN_HEADER_2X5_SAMTEC_FTSH-105".
#28 WARNING(ORCAP-36006): Part Name "CONN_HEADER_2X2_P_GRADCONN_BB02HJ041KB1603000_A2B_IO_BB02-HJ041-KB1-603000_GRADCONN_BB02HJ041KB1603000_A2C,GRADCONN_BB02HJ041KB1603000_A2A" is renamed to "CONN_HEADER_2X2_P_GRADCONN_BB02".
#29 WARNING(ORCAP-36006): Part Name "CONN_IDC_TC2050-IDC-NL_TAGCONNECT_TC2050IDCNLN_TC2050-IDC-NL_TAGCONNECT_TC2050IDCNLL,TAGCONNECT_TC2050IDCNLM" is renamed to "CONN_IDC_TC2050-IDC-NL_TAGCONNE".
#30 WARNING(ORCAP-36006): Part Name "RESISTOR_RESC1005X40B2N_DISCRETE_100K" is renamed to "RESISTOR_RESC1005X40B2N_DISCRET".
#31 WARNING(ORCAP-36006): Part Name "RESISTOR_RESC1005X40B2N_DISCRETE_2.2K" is renamed to "RESISTOR_RESC1005X40B2N_DISCR_1".
#32 WARNING(ORCAP-36006): Part Name "RESISTOR_RESC1005X40B2N_DISCRETE_220" is renamed to "RESISTOR_RESC1005X40B2N_DISCR_2".
#33 WARNING(ORCAP-36006): Part Name "RESISTOR_RESC1005X40B2N_DISCRETE_180" is renamed to "RESISTOR_RESC1005X40B2N_DISCR_3".
#34 WARNING(ORCAP-36006): Part Name "RESISTOR_RESC1005X40B2N_DISCRETE_10K" is renamed to "RESISTOR_RESC1005X40B2N_DISCR_4".
#35 WARNING(ORCAP-36006): Part Name "RESISTOR_RESC1005X40B2N_DISCRETE_4.7K" is renamed to "RESISTOR_RESC1005X40B2N_DISCR_5".
#36 WARNING(ORCAP-36006): Part Name "RESISTOR_RESC1005X40B2N_DISCRETE_DNM" is renamed to "RESISTOR_RESC1005X40B2N_DISCR_6".
#37 WARNING(ORCAP-36006): Part Name "RESISTOR_RESC1005X40B2N_DISCRETE_3.3K" is renamed to "RESISTOR_RESC1005X40B2N_DISCR_7".
#38 WARNING(ORCAP-36006): Part Name "RESISTOR_RESC1005X40B2N_DISCRETE_100" is renamed to "RESISTOR_RESC1005X40B2N_DISCR_8".
#39 WARNING(ORCAP-36006): Part Name "RESISTOR_RESC1005X40B2N_DISCRETE_330K" is renamed to "RESISTOR_RESC1005X40B2N_DISCR_9".
#40 WARNING(ORCAP-36006): Part Name "RESISTOR_RESC1005X40B2N_DISCRETE_220K" is renamed to "RESISTOR_RESC1005X40B2N_DISC_10".
#41 WARNING(ORCAP-36006): Part Name "RESISTOR_RESC1005X40B2N_DISCRETE_1K" is renamed to "RESISTOR_RESC1005X40B2N_DISC_11".
#42 WARNING(ORCAP-36006): Part Name "RESISTOR_RESC1005X40B2N_DISCRETE_4.87K" is renamed to "RESISTOR_RESC1005X40B2N_DISC_12".
#43 WARNING(ORCAP-36006): Part Name "RESISTOR_RESC1005X40B2N_DISCRETE_51" is renamed to "RESISTOR_RESC1005X40B2N_DISC_13".
#44 WARNING(ORCAP-36006): Part Name "RESISTOR_RESC1005X40B2N_DISCRETE_33K" is renamed to "RESISTOR_RESC1005X40B2N_DISC_14".
#45 WARNING(ORCAP-36006): Part Name "RESISTOR_RESC1005X40B2N_DISCRETE_51K" is renamed to "RESISTOR_RESC1005X40B2N_DISC_15".
#46 WARNING(ORCAP-36006): Part Name "RESISTOR_RESC1005X40B2N_DISCRETE_30K" is renamed to "RESISTOR_RESC1005X40B2N_DISC_16".
#47 WARNING(ORCAP-36006): Part Name "RESISTOR_RESC1608X55N_DISCRETE_DNM_RESC1608X55L,RESC1608X55M" is renamed to "RESISTOR_RESC1608X55N_DISCRETE_".
#48 WARNING(ORCAP-36006): Part Name "RESISTOR_RESC1608X55N_DISCRETE_0_RESC1608X55L,RESC1608X55M" is renamed to "RESISTOR_RESC1608X55N_DISCRET_1".
#49 WARNING(ORCAP-36006): Part Name "RESISTOR_RESC1005X40B2N_DISCRETE_0" is renamed to "RESISTOR_RESC1005X40B2N_DISC_17".
#50 WARNING(ORCAP-36006): Part Name "SWITCH_TACT_V2_SW_1188E1K2V_A2N_DISCRETE_1188E-1K2-V_SW_1188E1K2V_A2L,SW_1188E1K2V_A2M" is renamed to "SWITCH_TACT_V2_SW_1188E1K2V_A2N".
#51 WARNING(ORCAP-36006): Part Name "IC_RF_CC13XX_7X7_QFN48_V2_QFNFC50P700X700X80-49CN_(S1+S2)_CC1350F128RGZ_QFNFC50P700X700X80-49CL,QFNFC50P700X700X80-49CM" is renamed to "IC_RF_CC13XX_7X7_QFN48_V2_QFNFC".
#52 WARNING(ORCAP-36042): Pin "VDDR" is renamed to "VDDR#45" as visible power pin of same name already exists in Package IC_RF_CC13XX_7X7_QFN48_V2A , U1A: CC1350_LaunchPad, 1_CC1350RF (96.52, 129.54).
#53 WARNING(ORCAP-36042): Pin "VDDR" is renamed to "VDDR#48" as visible power pin of same name already exists in Package IC_RF_CC13XX_7X7_QFN48_V2A , U1A: CC1350_LaunchPad, 1_CC1350RF (96.52, 129.54).
#54 WARNING(ORCAP-36006): Part Name "IC_XCVR_SN74AVC4T245_UQFN16_2_QFNFC40P180X260X55-16A2L_SN74AVC4T245RSV_QFNFC40P180X260X55-16A2L,QFNFC40P180X260X55-16A2M" is renamed to "IC_XCVR_SN74AVC4T245_UQFN16_2_Q".
#55 WARNING(ORCAP-36042): Pin "GND" is renamed to "GND#10" as visible power pin of same name already exists in Package IC_XCVR_SN74AVC4T245_UQFN16_2 , U10: CC1350_LaunchPad, 3_Debugger Interface (274.32, 195.58).
#56 WARNING(ORCAP-36042): Pin "GND" is renamed to "GND#11" as visible power pin of same name already exists in Package IC_XCVR_SN74AVC4T245_UQFN16_2 , U10: CC1350_LaunchPad, 3_Debugger Interface (274.32, 195.58).
#57 WARNING(ORCAP-36006): Part Name "IC_SWITCH_XMSSJE3G0PA-00_SW_XMSSJE3G0PA003_A2N_IC_XMSSJE3G0PA-003" is renamed to "IC_SWITCH_XMSSJE3G0PA-00_SW_XMS".
#58 WARNING(ORCAP-36042): Pin "GND" is renamed to "GND#2" as visible power pin of same name already exists in Package IC_SWITCH_XMSSJE3G0PA-00 , U11: CC1350_LaunchPad, 1_CC1350RF (191.77, 137.16).
#59 WARNING(ORCAP-36042): Pin "GND" is renamed to "GND#3" as visible power pin of same name already exists in Package IC_SWITCH_XMSSJE3G0PA-00 , U11: CC1350_LaunchPad, 1_CC1350RF (191.77, 137.16).
#60 WARNING(ORCAP-36006): Part Name "IC_FLASH_MX25R8035F_USON8_SON50P300X200X60-9B2L_IC_MX25R8035FZUIL0_SON50P300X200X60-9B2L,SON50P300X200X60-9B2M" is renamed to "IC_FLASH_MX25R8035F_USON8_SON50".
#61 WARNING(ORCAP-36006): Part Name "IC_PROC_TM4C1294NCPDT_TQFP128_QFP40P1600X1600X120-128N_IC_(S1+S2+S3)_TM4C1294NCPDTT3R_QFP40P1600X1600X120-128L,QFP40P1600X1600X120-128M" is renamed to "IC_PROC_TM4C1294NCPDT_TQFP128_Q".
#62 WARNING(ORCAP-36042): Pin "GND" is renamed to "GND#17" as visible power pin of same name already exists in Package IC_PROC_TM4C1294NCPDT_TQFP128C , U5A: CC1350_LaunchPad, 4_XDS110 (129.54, 22.86).
#63 WARNING(ORCAP-36042): Pin "GND" is renamed to "GND#48" as visible power pin of same name already exists in Package IC_PROC_TM4C1294NCPDT_TQFP128C , U5A: CC1350_LaunchPad, 4_XDS110 (129.54, 22.86).
#64 WARNING(ORCAP-36042): Pin "GND" is renamed to "GND#80" as visible power pin of same name already exists in Package IC_PROC_TM4C1294NCPDT_TQFP128C , U5A: CC1350_LaunchPad, 4_XDS110 (129.54, 22.86).
#65 WARNING(ORCAP-36042): Pin "GND" is renamed to "GND#114" as visible power pin of same name already exists in Package IC_PROC_TM4C1294NCPDT_TQFP128C , U5A: CC1350_LaunchPad, 4_XDS110 (129.54, 22.86).
#66 WARNING(ORCAP-36042): Pin "VDD" is renamed to "VDD#51" as visible power pin of same name already exists in Package IC_PROC_TM4C1294NCPDT_TQFP128C , U5A: CC1350_LaunchPad, 4_XDS110 (129.54, 22.86).
#67 WARNING(ORCAP-36042): Pin "VDD" is renamed to "VDD#52" as visible power pin of same name already exists in Package IC_PROC_TM4C1294NCPDT_TQFP128C , U5A: CC1350_LaunchPad, 4_XDS110 (129.54, 22.86).
#68 WARNING(ORCAP-36042): Pin "GND" is renamed to "GND#55" as visible power pin of same name already exists in Package IC_PROC_TM4C1294NCPDT_TQFP128C , U5A: CC1350_LaunchPad, 4_XDS110 (129.54, 22.86).
#69 WARNING(ORCAP-36042): Pin "GND" is renamed to "GND#58" as visible power pin of same name already exists in Package IC_PROC_TM4C1294NCPDT_TQFP128C , U5A: CC1350_LaunchPad, 4_XDS110 (129.54, 22.86).
#70 WARNING(ORCAP-36042): Pin "VDD" is renamed to "VDD#7" as visible power pin of same name already exists in Package IC_PROC_TM4C1294NCPDT_TQFP128C , U5A: CC1350_LaunchPad, 4_XDS110 (129.54, 22.86).
#71 WARNING(ORCAP-36042): Pin "VDD" is renamed to "VDD#16" as visible power pin of same name already exists in Package IC_PROC_TM4C1294NCPDT_TQFP128C , U5A: CC1350_LaunchPad, 4_XDS110 (129.54, 22.86).
#72 WARNING(ORCAP-36042): Pin "VDD" is renamed to "VDD#26" as visible power pin of same name already exists in Package IC_PROC_TM4C1294NCPDT_TQFP128C , U5A: CC1350_LaunchPad, 4_XDS110 (129.54, 22.86).
#73 WARNING(ORCAP-36042): Pin "VDD" is renamed to "VDD#28" as visible power pin of same name already exists in Package IC_PROC_TM4C1294NCPDT_TQFP128C , U5A: CC1350_LaunchPad, 4_XDS110 (129.54, 22.86).
#74 WARNING(ORCAP-36042): Pin "VDD" is renamed to "VDD#39" as visible power pin of same name already exists in Package IC_PROC_TM4C1294NCPDT_TQFP128C , U5A: CC1350_LaunchPad, 4_XDS110 (129.54, 22.86).
#75 WARNING(ORCAP-36042): Pin "VDD" is renamed to "VDD#47" as visible power pin of same name already exists in Package IC_PROC_TM4C1294NCPDT_TQFP128C , U5A: CC1350_LaunchPad, 4_XDS110 (129.54, 22.86).
#76 WARNING(ORCAP-36042): Pin "VDD" is renamed to "VDD#69" as visible power pin of same name already exists in Package IC_PROC_TM4C1294NCPDT_TQFP128C , U5A: CC1350_LaunchPad, 4_XDS110 (129.54, 22.86).
#77 WARNING(ORCAP-36042): Pin "VDD" is renamed to "VDD#79" as visible power pin of same name already exists in Package IC_PROC_TM4C1294NCPDT_TQFP128C , U5A: CC1350_LaunchPad, 4_XDS110 (129.54, 22.86).
#78 WARNING(ORCAP-36042): Pin "VDD" is renamed to "VDD#90" as visible power pin of same name already exists in Package IC_PROC_TM4C1294NCPDT_TQFP128C , U5A: CC1350_LaunchPad, 4_XDS110 (129.54, 22.86).
#79 WARNING(ORCAP-36042): Pin "VDD" is renamed to "VDD#101" as visible power pin of same name already exists in Package IC_PROC_TM4C1294NCPDT_TQFP128C , U5A: CC1350_LaunchPad, 4_XDS110 (129.54, 22.86).
#80 WARNING(ORCAP-36042): Pin "VDD" is renamed to "VDD#113" as visible power pin of same name already exists in Package IC_PROC_TM4C1294NCPDT_TQFP128C , U5A: CC1350_LaunchPad, 4_XDS110 (129.54, 22.86).
#81 WARNING(ORCAP-36042): Pin "VDD" is renamed to "VDD#122" as visible power pin of same name already exists in Package IC_PROC_TM4C1294NCPDT_TQFP128C , U5A: CC1350_LaunchPad, 4_XDS110 (129.54, 22.86).
#82 WARNING(ORCAP-36042): Pin "VDDC" is renamed to "VDDC#87" as visible power pin of same name already exists in Package IC_PROC_TM4C1294NCPDT_TQFP128C , U5A: CC1350_LaunchPad, 4_XDS110 (129.54, 22.86).
#83 WARNING(ORCAP-36042): Pin "VDDC" is renamed to "VDDC#115" as visible power pin of same name already exists in Package IC_PROC_TM4C1294NCPDT_TQFP128C , U5A: CC1350_LaunchPad, 4_XDS110 (129.54, 22.86).
#84 WARNING(ORCAP-36006): Part Name "IC_REF_LM4040_SC70-5_SOT65P210X110-5N_IC_LM4040B25IDCK_SOT65P210X110-5L,SOT65P210X110-5M" is renamed to "IC_REF_LM4040_SC70-5_SOT65P210X".
#85 WARNING(ORCAP-36006): Part Name "IC_PM_TPS79601_SON8_SON65P300X300X100-9AL_IC_TPS79601DR_SON65P300X300X100-9AL,SON65P300X300X100-9AM" is renamed to "IC_PM_TPS79601_SON8_SON65P300X3".
#86 WARNING(ORCAP-36042): Pin "IN" is renamed to "IN#2" as visible power pin of same name already exists in Package IC_PM_TPS79601_SON8 , U7: CC1350_LaunchPad, 4_XDS110 (157.48, 228.60).
#87 WARNING(ORCAP-36042): Pin "OUT" is renamed to "OUT#4" as visible power pin of same name already exists in Package IC_PM_TPS79601_SON8 , U7: CC1350_LaunchPad, 4_XDS110 (157.48, 228.60).
#88 WARNING(ORCAP-36042): Pin "IN" is renamed to "IN#1" as visible power pin of same name already exists in Package IC_PM_TPS79601_SON8 , U7: CC1350_LaunchPad, 4_XDS110 (157.48, 228.60).
#89 WARNING(ORCAP-36042): Pin "OUT" is renamed to "OUT#3" as visible power pin of same name already exists in Package IC_PM_TPS79601_SON8 , U7: CC1350_LaunchPad, 4_XDS110 (157.48, 228.60).
#90 WARNING(ORCAP-36006): Part Name "CRYSTAL_XTAL_FC-135N_32.768KHZ_XTAL_FC-135L,XTAL_FC-135M" is renamed to "CRYSTAL_XTAL_FC-135N_32.768KHZ_".
#91 WARNING(ORCAP-36006): Part Name "XTAL_4PIN_S_OSCCC250X320X60-4L_24MHZ_OSCCC250X320X60-4L,OSCCC250X320X60-4M" is renamed to "XTAL_4PIN_S_OSCCC250X320X60-4L_".
#92 WARNING(ORCAP-36006): Part Name "XTAL_4_OSCCC250X320X100-4BN_16MHZ_OSCCC250X320X100-4BL,OSCCC250X320X100-4BM" is renamed to "XTAL_4_OSCCC250X320X100-4BN_16M".
INFO(ORCAP-36080): Scanning netlist files ...

Loading... C:\KHT\WORK\CC1350_LAUNCHPAD\LAUNCHXL-CC1350_1_2\CADENCE\ALLEGRO/pstchip.dat

Loading... C:\KHT\WORK\CC1350_LAUNCHPAD\LAUNCHXL-CC1350_1_2\CADENCE\ALLEGRO/pstchip.dat

Loading... C:\KHT\WORK\CC1350_LAUNCHPAD\LAUNCHXL-CC1350_1_2\CADENCE\ALLEGRO/pstxprt.dat

Loading... C:\KHT\WORK\CC1350_LAUNCHPAD\LAUNCHXL-CC1350_1_2\CADENCE\ALLEGRO/pstxnet.dat
packaging the design view...